<?xml version="1.0" encoding="UTF-8"?>
<!-- Generated by org.testng.reporters.JUnitReportReporter -->
<testsuite hostname="DESKTOP-0K5SOCP" failures="0" tests="2" name="test.day1" time="0.025" errors="0" timestamp="2021-12-01T18:48:01 IST" skipped="0">
  <testcase classname="test.day1" name="Demo" time="0.022"/>
  <system-out/>
  <testcase classname="test.day1" name="Secondtest" time="0.003"/>
  <system-out/>
</testsuite> <!-- test.day1 -->
