<?xml version="1.0" encoding="UTF-8"?>
<!-- Generated by org.testng.reporters.JUnitReportReporter -->
<testsuite hostname="DESKTOP-0K5SOCP" failures="0" tests="3" name="test.Annotations" time="0.016" errors="0" timestamp="2021-12-07T13:46:00 IST" skipped="0">
  <testcase classname="test.Annotations" name="FlightBooking" time="0.011"/>
  <system-out/>
  <testcase classname="test.Annotations" name="FlightCancel" time="0.003"/>
  <system-out/>
  <testcase classname="test.Annotations" name="OpeningBrowser" time="0.002"/>
  <system-out/>
</testsuite> <!-- test.Annotations -->
